design = LSA-A
run_id = 0-re0
Model files:
    ../mmt/tnnp-2004.mmt
    ../mmt/fink-2008.mmt
    ../mmt/grandi-2010.mmt
    ../mmt/ohara-2011.mmt
    ../mmt/cipa-2017.mmt
    ../mmt/tomek-2019.mmt
transform = None
default_param = (1.0,1.0,1.0,1.0,1.0,1.0,1.0,1.0)
h = 0.001
p_evaluate_file = "opt-prt-run0-re0-parameter_evaluate.txt"
n_steps = 20
dt = 5
rand_x0 = True
seed_id = 101
fit_seed = 70431583
Protocol lower bound:
    50, 50, 50, 50, 50, 50, 50, 50, 50, 50, 50, 50, 50, 50, 50, 50, 50, 50, 50, 
Protocol upper bound:
    2000.0, 2000.0, 2000.0, 2000.0, 2000.0, 2000.0, 2000.0, 2000.0, 2000.0, 2000.0, 2000.0, 2000.0, 2000.0, 2000.0, 2000.0, 2000.0, 2000.0, 2000.0, 2000.0, 