design = Shannon
run_id = 0-re0
Model file:
    ../mmt/ohara-2011.mmt
transform = <ufunc 'exp'>
Model lower bound:
    -2, -2, -2, -2, -2, -2, -2, -2, 
Model upper bound:
    2, 2, 2, 2, 2, 2, 2, 2, 
n_samples = 512
p_evaluate_file = "opt-prt-run0-re0-parameter_evaluate.txt"
n_steps = 20
dt = 1
rand_x0 = True
seed_id = 101
fit_seed = 70431583
Protocol lower bound:
    -120, 50, -120, 50, -120, 50, -120, 50, -120, 50, -120, 50, -120, 50, -120, 50, -120, 50, -120, 50, -120, 50, -120, 50, -120, 50, -120, 50, -120, 50, -120, 50, -120, 50, -120, 50, -120, 50, -120, 50, 
Protocol upper bound:
    60, 2000.0, 60, 2000.0, 60, 2000.0, 60, 2000.0, 60, 2000.0, 60, 2000.0, 60, 2000.0, 60, 2000.0, 60, 2000.0, 60, 2000.0, 60, 2000.0, 60, 2000.0, 60, 2000.0, 60, 2000.0, 60, 2000.0, 60, 2000.0, 60, 2000.0, 60, 2000.0, 60, 2000.0, 60, 2000.0, 