design = LSA-E
run_id = 0
Model files:
    ../mmt/tnnp-2004.mmt
    ../mmt/fink-2008.mmt
    ../mmt/grandi-2010.mmt
    ../mmt/ohara-2011.mmt
    ../mmt/cipa-2017.mmt
    ../mmt/tomek-2019.mmt
transform = None
default_param = (1.0,1.0,1.0,1.0,1.0,1.0,1.0,1.0)
h = 0.001
p_evaluate_file = "opt-prt-run0-parameter_evaluate.txt"
n_steps = 20
dt = 0.1
seed_id = 101
fit_seed = 70431583
Protocol lower bound:
    -120, 50, -120, 50, -120, 50, -120, 50, -120, 50, -120, 50, -120, 50, -120, 50, -120, 50, -120, 50, -120, 50, -120, 50, -120, 50, -120, 50, -120, 50, -120, 50, -120, 50, -120, 50, -120, 50, -120, 50, 
Protocol upper bound:
    60, 2000.0, 60, 2000.0, 60, 2000.0, 60, 2000.0, 60, 2000.0, 60, 2000.0, 60, 2000.0, 60, 2000.0, 60, 2000.0, 60, 2000.0, 60, 2000.0, 60, 2000.0, 60, 2000.0, 60, 2000.0, 60, 2000.0, 60, 2000.0, 60, 2000.0, 60, 2000.0, 60, 2000.0, 60, 2000.0, 